<?xml version="1.0" encoding="UTF-8"?>
<!-- Generated by org.testng.reporters.JUnitReportReporter -->
<testsuite skipped="1" hostname="IN5CG63333QM" name="testpack.Test1" tests="5" failures="0" timestamp="04 Feb 2020 07:12:21 GMT" time="0.031" errors="0">
  <testcase name="phpTravels" time="0.018" classname="testpack.Test1"/>
  <testcase name="test4" time="0.003" classname="testpack.Test1"/>
  <testcase name="test3" time="0.006" classname="testpack.Test1"/>
  <testcase name="test2" time="0.004" classname="testpack.Test1"/>
  <testcase name="test1" classname="testpack.Test1">
    <skipped/>
  </testcase> <!-- test1 -->
</testsuite> <!-- testpack.Test1 -->
